[2026-04-11 01:03:37] [tid:23060][util::setLogFilename:257] Logging to requested file (.//nvngx_dlssd_310_5_3.log) enabled successfully
[2026-04-11 01:03:37] [tid:23060][NGXInitLog:225] App logging hooks successfully initialized
[2026-04-11 01:03:37] [tid:23060][NGXInitLog:232] Built with APP_NAME = app_transformer_dlssd
[2026-04-11 01:03:37] [tid:23060][InitCommon:111] m_pDevice: 0x0000000000000000->0x000001ED7C36C860
[2026-04-11 01:03:37] [tid:23060][NGXCubinVulkan::Init:191] Enabling texmode_raw
[2026-04-11 01:03:37] [tid:23060][NGXCubinKernelMap::InitCubins:45] Loading NGXCubin kernels
[2026-04-11 01:03:37] [tid:23060][NGXCubinGeneric::SetGPUArch:377] SetGPUArch:: Gpu count = 1, luid: 0x14bbd
[2026-04-11 01:03:37] [tid:23060][NGXCubinGeneric::SetGPUArch:437] m_gpuArch = 0x1b0
[2026-04-11 01:03:37] [tid:23060][NGXCubinGeneric::genericPostInit:148] Fast UAV clear: supported
[2026-04-11 01:03:37] [tid:23060][DLSSCubinKernelMap::InitCubins:311] Setting DLAA Cubins
[2026-04-11 01:03:37] [tid:23060][DLSSCubinKernelMap::InitCubins:311] Setting DLSS Debug Cubins
[2026-04-11 01:03:37] [tid:23060][DldnCubinKernelMap::InitCubins:138] Setting DLDN Engine Pre / Post Cubins
[2026-04-11 01:03:37] [tid:23060][DldnCubinKernelMap::InitCubins:171] Setting DLDN Engine Pre / Post Cubins
[2026-04-11 01:03:37] [tid:23060][NGXDLAA::Init:208] Device 0x46b384b8
[2026-04-11 01:03:37] [tid:23060][NgxRayReconstruction::FillCreationParams::<lambda_8a528f50776f2555a20e0d5222198f99>::operator ():1786] Info: (DLAA) Using Default Overriden Preset Preset_D
[2026-04-11 01:03:37] [tid:23060][NgxRayReconstruction::FillCreationParams::<lambda_8a528f50776f2555a20e0d5222198f99>::operator ():1786] Info: (Quality) Using Default Overriden Preset Preset_D
[2026-04-11 01:03:37] [tid:23060][NgxRayReconstruction::FillCreationParams::<lambda_8a528f50776f2555a20e0d5222198f99>::operator ():1786] Info: (Balanced) Using Default Overriden Preset Preset_D
[2026-04-11 01:03:37] [tid:23060][NgxRayReconstruction::FillCreationParams::<lambda_8a528f50776f2555a20e0d5222198f99>::operator ():1786] Info: (Perf) Using Default Overriden Preset Preset_D
[2026-04-11 01:03:37] [tid:23060][NgxRayReconstruction::FillCreationParams::<lambda_8a528f50776f2555a20e0d5222198f99>::operator ():1786] Info: (UltraPerf) Using Default Overriden Preset Preset_D
[2026-04-11 01:03:37] [tid:23060][NgxRayReconstruction::FillCreationParams::<lambda_8a528f50776f2555a20e0d5222198f99>::operator ():1786] Info: (UltraQuality) Using Default Overriden Preset Preset_D
[2026-04-11 01:03:37] [tid:23060][NGXDLAA::CreateDlssInstance:2092] Info: Optimal settings not used. Custom dimensions (64x64) overriding Optimal dimensions (74x74).
[2026-04-11 01:03:37] [tid:23060][NGXDLAA::CreateDlssInstance:2126] InCreationTimeWidth 64
[2026-04-11 01:03:37] [tid:23060][NGXDLAA::CreateDlssInstance:2127] InCreationTimeHeight 64
[2026-04-11 01:03:37] [tid:23060][NGXDLAA::CreateDlssInstance:2128] InDynamicMaxSetDims.Width 128
[2026-04-11 01:03:37] [tid:23060][NGXDLAA::CreateDlssInstance:2129] InDynamicMaxSetDims.Height 128
[2026-04-11 01:03:37] [tid:23060][NGXDLAA::CreateDlssInstance:2130] InDynamicMinSetDims.Width 64
[2026-04-11 01:03:37] [tid:23060][NGXDLAA::CreateDlssInstance:2131] InDynamicMinSetDims.Height 64
[2026-04-11 01:03:37] [tid:23060][NGXDLAA::CreateDlssInstance:2132] OutWidth 128
[2026-04-11 01:03:37] [tid:23060][NGXDLAA::CreateDlssInstance:2133] OutHeight 128
[2026-04-11 01:03:37] [tid:23060][NGXDLAA::CreateDlssInstance:2134] HDR 1
[2026-04-11 01:03:37] [tid:23060][NGXDLAA::CreateDlssInstance:2135] Motion Vectors LowRes 1
[2026-04-11 01:03:37] [tid:23060][NGXDLAA::CreateDlssInstance:2136] Motion Vectors Jittered 0
[2026-04-11 01:03:37] [tid:23060][NGXDLAA::CreateDlssInstance:2137] Depth Inverted 0
[2026-04-11 01:03:37] [tid:23060][NGXDLAA::CreateDlssInstance:2138] Do Sharpening 0
[2026-04-11 01:03:37] [tid:23060][NGXDLAA::CreateDlssInstance:2140] Alpha Upscaling Enabled 0
[2026-04-11 01:03:37] [tid:23060][NGXDLAA::CreateDlssInstance:2142] PerfQualityValue NVSDK_NGX_PerfQuality_Value_Balanced (1)
[2026-04-11 01:03:37] [tid:23060][NGXDLAA::CreateDlssInstance:2147] DLSS-D Mode NVSDK_NGX_DLSS_Denoise_Mode_DLUnified (1)
[2026-04-11 01:03:37] [tid:23060][NGXCubinGeneric::CreateBufferResource:680] CUBIN 1D alloc (LumaBuffer), m_allocCount=1, currentSize 0.2 MB, totalSize 0.2 MB
[2026-04-11 01:03:37] [tid:23060][NGXCubinGeneric::CreateBufferResource:680] CUBIN 1D alloc (ReduceBuffer), m_allocCount=2, currentSize 0.2 MB, totalSize 0.5 MB
[2026-04-11 01:03:37] [tid:23060][NGXCubinGeneric::CreateTexture2DResourceShared:855] CUBIN 2D alloc (AutoExposure), m_allocCount=3, currentSize 0.0 MB, totalSize 0.5 MB
[2026-04-11 01:03:38] [tid:23060][NGXCubinGeneric::CreateTexture2DResourceShared:855] CUBIN 2D alloc (InternalHistoryA), m_allocCount=4, currentSize 0.1 MB, totalSize 0.6 MB
[2026-04-11 01:03:38] [tid:23060][NGXCubinGeneric::CreateTexture2DResourceShared:855] CUBIN 2D alloc (InternalHistoryB), m_allocCount=5, currentSize 0.1 MB, totalSize 0.8 MB
[2026-04-11 01:03:38] [tid:23060][NGXCubinGeneric::CreateTexture2DResourceShared:855] CUBIN 2D alloc (HiddenHistory), m_allocCount=6, currentSize 0.0 MB, totalSize 0.8 MB
[2026-04-11 01:03:38] [tid:23060][NGXCubinGeneric::CreateTexture2DResourceShared:855] CUBIN 2D alloc (PrevMvec1), m_allocCount=7, currentSize 0.0 MB, totalSize 0.8 MB
[2026-04-11 01:03:38] [tid:23060][NGXCubinGeneric::CreateTexture2DResourceShared:855] CUBIN 2D alloc (PrevMvec2), m_allocCount=8, currentSize 0.0 MB, totalSize 0.8 MB
[2026-04-11 01:03:38] [tid:23060][NGXCubinGeneric::CreateTexture2DResourceShared:855] CUBIN 2D alloc (PrevAutoExposureTexture_0), m_allocCount=9, currentSize 0.0 MB, totalSize 0.8 MB
[2026-04-11 01:03:38] [tid:23060][NGXCubinGeneric::CreateTexture2DResourceShared:855] CUBIN 2D alloc (PrevAutoExposureTexture_1), m_allocCount=10, currentSize 0.0 MB, totalSize 0.8 MB
[2026-04-11 01:03:38] [tid:23060][NGXCubinGeneric::CreateTexture2DResourceShared:855] CUBIN 2D alloc (enc0_DFNSkipOutputTex), m_allocCount=11, currentSize 0.0 MB, totalSize 0.9 MB
[2026-04-11 01:03:38] [tid:23060][NGXCubinGeneric::CreateTexture2DResourceShared:855] CUBIN 2D alloc (enc0_DFNResidualSkipOutputTex), m_allocCount=12, currentSize 0.0 MB, totalSize 0.9 MB
[2026-04-11 01:03:38] [tid:23060][NGXCubinGeneric::CreateTexture2DResourceShared:855] CUBIN 2D alloc (enc0_DFNPooledOutputTex), m_allocCount=13, currentSize 0.0 MB, totalSize 0.9 MB
[2026-04-11 01:03:38] [tid:23060][NGXCubinGeneric::CreateBufferResource:680] CUBIN 1D alloc (enc0_StagingBuffer), m_allocCount=14, currentSize 0.0 MB, totalSize 0.9 MB
[2026-04-11 01:03:38] [tid:23060][NGXCubinGeneric::CreateBufferResource:680] CUBIN 1D alloc (enc0_Weights), m_allocCount=15, currentSize 0.0 MB, totalSize 1.0 MB
[2026-04-11 01:03:38] [tid:23060][NGXCubinGeneric::CreateTexture2DResourceShared:855] CUBIN 2D alloc (enc1_DFNSkipOutputTex), m_allocCount=16, currentSize 0.0 MB, totalSize 1.0 MB
[2026-04-11 01:03:38] [tid:23060][NGXCubinGeneric::CreateTexture2DResourceShared:855] CUBIN 2D alloc (enc1_DFNResidualSkipOutputTex), m_allocCount=17, currentSize 0.0 MB, totalSize 1.0 MB
[2026-04-11 01:03:38] [tid:23060][NGXCubinGeneric::CreateTexture2DResourceShared:855] CUBIN 2D alloc (enc1_DFNPooledOutputTex), m_allocCount=18, currentSize 0.0 MB, totalSize 1.0 MB
[2026-04-11 01:03:38] [tid:23060][NGXCubinGeneric::CreateBufferResource:680] CUBIN 1D alloc (enc1_StagingBuffer), m_allocCount=19, currentSize 0.1 MB, totalSize 1.1 MB
[2026-04-11 01:03:38] [tid:23060][NGXCubinGeneric::CreateBufferResource:680] CUBIN 1D alloc (enc1_Weights), m_allocCount=20, currentSize 0.1 MB, totalSize 1.2 MB
[2026-04-11 01:03:38] [tid:23060][NGXCubinGeneric::CreateTexture2DResourceShared:855] CUBIN 2D alloc (enc2_DFNSkipOutputTex), m_allocCount=21, currentSize 0.0 MB, totalSize 1.2 MB
[2026-04-11 01:03:38] [tid:23060][NGXCubinGeneric::CreateTexture2DResourceShared:855] CUBIN 2D alloc (enc2_DFNResidualSkipOutputTex), m_allocCount=22, currentSize 0.0 MB, totalSize 1.2 MB
[2026-04-11 01:03:38] [tid:23060][NGXCubinGeneric::CreateTexture2DResourceShared:855] CUBIN 2D alloc (enc2_DFNPooledOutputTex), m_allocCount=23, currentSize 0.0 MB, totalSize 1.2 MB
[2026-04-11 01:03:38] [tid:23060][NGXCubinGeneric::CreateBufferResource:680] CUBIN 1D alloc (enc2_StagingBuffer), m_allocCount=24, currentSize 0.2 MB, totalSize 1.4 MB
[2026-04-11 01:03:38] [tid:23060][NGXCubinGeneric::CreateBufferResource:680] CUBIN 1D alloc (enc2_Weights), m_allocCount=25, currentSize 0.2 MB, totalSize 1.6 MB
[2026-04-11 01:03:38] [tid:23060][NGXCubinGeneric::CreateTexture2DResourceShared:855] CUBIN 2D alloc (enc3_DFNSkipOutputTex), m_allocCount=26, currentSize 0.0 MB, totalSize 1.6 MB
[2026-04-11 01:03:38] [tid:23060][NGXCubinGeneric::CreateTexture2DResourceShared:855] CUBIN 2D alloc (enc3_DFNResidualSkipOutputTex), m_allocCount=27, currentSize 0.0 MB, totalSize 1.6 MB
[2026-04-11 01:03:38] [tid:23060][NGXCubinGeneric::CreateTexture2DResourceShared:855] CUBIN 2D alloc (enc3_DFNPooledOutputTex), m_allocCount=28, currentSize 0.0 MB, totalSize 1.6 MB
[2026-04-11 01:03:38] [tid:23060][NGXCubinGeneric::CreateBufferResource:680] CUBIN 1D alloc (enc3_StagingBuffer), m_allocCount=29, currentSize 0.3 MB, totalSize 1.9 MB
[2026-04-11 01:03:38] [tid:23060][NGXCubinGeneric::CreateBufferResource:680] CUBIN 1D alloc (enc3_Weights), m_allocCount=30, currentSize 0.3 MB, totalSize 2.2 MB
[2026-04-11 01:03:38] [tid:23060][NGXCubinGeneric::CreateTexture2DResourceShared:855] CUBIN 2D alloc (enc4_DFNSkipOutputTex), m_allocCount=31, currentSize 0.0 MB, totalSize 2.2 MB
[2026-04-11 01:03:38] [tid:23060][NGXCubinGeneric::CreateTexture2DResourceShared:855] CUBIN 2D alloc (enc4_DFNResidualSkipOutputTex), m_allocCount=32, currentSize 0.0 MB, totalSize 2.2 MB
[2026-04-11 01:03:38] [tid:23060][NGXCubinGeneric::CreateTexture2DResourceShared:855] CUBIN 2D alloc (enc4_DFNPooledOutputTex), m_allocCount=33, currentSize 0.0 MB, totalSize 2.2 MB
[2026-04-11 01:03:38] [tid:23060][NGXCubinGeneric::CreateBufferResource:680] CUBIN 1D alloc (enc4_StagingBuffer), m_allocCount=34, currentSize 0.5 MB, totalSize 2.7 MB
[2026-04-11 01:03:38] [tid:23060][NGXCubinGeneric::CreateBufferResource:680] CUBIN 1D alloc (enc4_Weights), m_allocCount=35, currentSize 0.5 MB, totalSize 3.2 MB
[2026-04-11 01:03:38] [tid:23060][NGXCubinGeneric::CreateTexture2DResourceShared:855] CUBIN 2D alloc (enc5_DFNSkipOutputTex), m_allocCount=36, currentSize 0.0 MB, totalSize 3.2 MB
[2026-04-11 01:03:38] [tid:23060][NGXCubinGeneric::CreateTexture2DResourceShared:855] CUBIN 2D alloc (enc5_DFNResidualSkipOutputTex), m_allocCount=37, currentSize 0.0 MB, totalSize 3.2 MB
[2026-04-11 01:03:38] [tid:23060][NGXCubinGeneric::CreateBufferResource:680] CUBIN 1D alloc (enc5_StagingBuffer), m_allocCount=38, currentSize 0.4 MB, totalSize 3.6 MB
[2026-04-11 01:03:38] [tid:23060][NGXCubinGeneric::CreateBufferResource:680] CUBIN 1D alloc (enc5_Weights), m_allocCount=39, currentSize 0.4 MB, totalSize 4.0 MB
[2026-04-11 01:03:38] [tid:23060][NGXCubinGeneric::CreateTexture2DResourceShared:855] CUBIN 2D alloc (dec4_DFNSkipOutputTex), m_allocCount=40, currentSize 0.0 MB, totalSize 4.0 MB
[2026-04-11 01:03:38] [tid:23060][NGXCubinGeneric::CreateTexture2DResourceShared:855] CUBIN 2D alloc (dec4_DFNResidualSkipOutputTex), m_allocCount=41, currentSize 0.0 MB, totalSize 4.1 MB
[2026-04-11 01:03:38] [tid:23060][NGXCubinGeneric::CreateBufferResource:680] CUBIN 1D alloc (dec4_StagingBuffer), m_allocCount=42, currentSize 0.5 MB, totalSize 4.6 MB
[2026-04-11 01:03:38] [tid:23060][NGXCubinGeneric::CreateBufferResource:680] CUBIN 1D alloc (dec4_Weights), m_allocCount=43, currentSize 0.5 MB, totalSize 5.1 MB
[2026-04-11 01:03:38] [tid:23060][NGXCubinGeneric::CreateTexture2DResourceShared:855] CUBIN 2D alloc (dec3_DFNSkipOutputTex), m_allocCount=44, currentSize 0.0 MB, totalSize 5.1 MB
[2026-04-11 01:03:38] [tid:23060][NGXCubinGeneric::CreateTexture2DResourceShared:855] CUBIN 2D alloc (dec3_DFNResidualSkipOutputTex), m_allocCount=45, currentSize 0.0 MB, totalSize 5.1 MB
[2026-04-11 01:03:38] [tid:23060][NGXCubinGeneric::CreateBufferResource:680] CUBIN 1D alloc (dec3_StagingBuffer), m_allocCount=46, currentSize 0.3 MB, totalSize 5.4 MB
[2026-04-11 01:03:38] [tid:23060][NGXCubinGeneric::CreateBufferResource:680] CUBIN 1D alloc (dec3_Weights), m_allocCount=47, currentSize 0.3 MB, totalSize 5.7 MB
[2026-04-11 01:03:38] [tid:23060][NGXCubinGeneric::CreateTexture2DResourceShared:855] CUBIN 2D alloc (dec2_DFNSkipOutputTex), m_allocCount=48, currentSize 0.0 MB, totalSize 5.7 MB
[2026-04-11 01:03:38] [tid:23060][NGXCubinGeneric::CreateTexture2DResourceShared:855] CUBIN 2D alloc (dec2_DFNResidualSkipOutputTex), m_allocCount=49, currentSize 0.0 MB, totalSize 5.7 MB
[2026-04-11 01:03:38] [tid:23060][NGXCubinGeneric::CreateBufferResource:680] CUBIN 1D alloc (dec2_StagingBuffer), m_allocCount=50, currentSize 0.2 MB, totalSize 5.9 MB
[2026-04-11 01:03:38] [tid:23060][NGXCubinGeneric::CreateBufferResource:680] CUBIN 1D alloc (dec2_Weights), m_allocCount=51, currentSize 0.2 MB, totalSize 6.1 MB
[2026-04-11 01:03:38] [tid:23060][NGXCubinGeneric::CreateTexture2DResourceShared:855] CUBIN 2D alloc (dec1_DFNSkipOutputTex), m_allocCount=52, currentSize 0.0 MB, totalSize 6.1 MB
[2026-04-11 01:03:38] [tid:23060][NGXCubinGeneric::CreateTexture2DResourceShared:855] CUBIN 2D alloc (dec1_DFNResidualSkipOutputTex), m_allocCount=53, currentSize 0.0 MB, totalSize 6.1 MB
[2026-04-11 01:03:38] [tid:23060][NGXCubinGeneric::CreateBufferResource:680] CUBIN 1D alloc (dec1_StagingBuffer), m_allocCount=54, currentSize 0.1 MB, totalSize 6.2 MB
[2026-04-11 01:03:38] [tid:23060][NGXCubinGeneric::CreateBufferResource:680] CUBIN 1D alloc (dec1_Weights), m_allocCount=55, currentSize 0.1 MB, totalSize 6.3 MB
[2026-04-11 01:03:38] [tid:23060][NGXCubinGeneric::CreateTexture2DResourceShared:855] CUBIN 2D alloc (dec0_DFNSkipOutputTex), m_allocCount=56, currentSize 0.0 MB, totalSize 6.3 MB
[2026-04-11 01:03:38] [tid:23060][NGXCubinGeneric::CreateTexture2DResourceShared:855] CUBIN 2D alloc (dec0_DFNResidualSkipOutputTex), m_allocCount=57, currentSize 0.0 MB, totalSize 6.3 MB
[2026-04-11 01:03:38] [tid:23060][NGXCubinGeneric::CreateBufferResource:680] CUBIN 1D alloc (dec0_StagingBuffer), m_allocCount=58, currentSize 0.0 MB, totalSize 6.4 MB
[2026-04-11 01:03:38] [tid:23060][NGXCubinGeneric::CreateBufferResource:680] CUBIN 1D alloc (dec0_Weights), m_allocCount=59, currentSize 0.0 MB, totalSize 6.4 MB
[2026-04-11 01:03:38] [tid:23060][TemporalResourceManager::DestroyAllocations:122] TemporalResourceManager destroy all owned shared resources if exist
[2026-04-11 01:03:38] [tid:23060][TemporalResourceManager::AllocateRequestsAliasedImpl:262] Donor: InternalHistoryA, 0.1 MB, valid=[11, 2147483647]
[2026-04-11 01:03:38] [tid:23060][TemporalResourceManager::AllocateRequestsAliasedImpl:262] Donor: enc0_DFNSkipOutputTex, 0.0 MB, valid=[0, 10]
[2026-04-11 01:03:38] [tid:23060][TemporalResourceManager::AllocateRequestsAliasedImpl:262] Donor: enc0_DFNResidualSkipOutputTex, 0.0 MB, valid=[0, 10]
[2026-04-11 01:03:38] [tid:23060][TemporalResourceManager::AllocateRequestsAliasedImpl:262] Donor: enc0_DFNPooledOutputTex, 0.0 MB, valid=[0, 1]
[2026-04-11 01:03:38] [tid:23060][TemporalResourceManager::AllocateRequestsAliasedImpl:262] Donor: enc1_DFNSkipOutputTex, 0.0 MB, valid=[1, 9]
[2026-04-11 01:03:38] [tid:23060][TemporalResourceManager::AllocateRequestsAliasedImpl:262] Donor: enc1_DFNResidualSkipOutputTex, 0.0 MB, valid=[1, 9]
[2026-04-11 01:03:38] [tid:23060][TemporalResourceManager::AllocateRequestsAliasedImpl:262] Donor: enc1_DFNPooledOutputTex, 0.0 MB, valid=[1, 2]
[2026-04-11 01:03:38] [tid:23060][TemporalResourceManager::AllocateRequestsAliasedImpl:262] Donor: enc2_DFNSkipOutputTex, 0.0 MB, valid=[2, 8]
[2026-04-11 01:03:38] [tid:23060][TemporalResourceManager::AllocateRequestsAliasedImpl:262] Donor: enc2_DFNResidualSkipOutputTex, 0.0 MB, valid=[2, 8]
[2026-04-11 01:03:38] [tid:23060][TemporalResourceManager::AllocateRequestsAliasedImpl:262] Donor: enc2_DFNPooledOutputTex, 0.0 MB, valid=[2, 3]
[2026-04-11 01:03:38] [tid:23060][TemporalResourceManager::AllocateRequestsAliasedImpl:262] Donor: enc3_DFNSkipOutputTex, 0.0 MB, valid=[3, 7]
[2026-04-11 01:03:38] [tid:23060][TemporalResourceManager::AllocateRequestsAliasedImpl:262] Donor: enc3_DFNResidualSkipOutputTex, 0.0 MB, valid=[3, 7]
[2026-04-11 01:03:38] [tid:23060][TemporalResourceManager::AllocateRequestsAliasedImpl:262] Donor: enc3_DFNPooledOutputTex, 0.0 MB, valid=[3, 4]
[2026-04-11 01:03:38] [tid:23060][TemporalResourceManager::AllocateRequestsAliasedImpl:262] Donor: enc4_DFNSkipOutputTex, 0.0 MB, valid=[4, 6]
[2026-04-11 01:03:38] [tid:23060][TemporalResourceManager::AllocateRequestsAliasedImpl:262] Donor: enc4_DFNResidualSkipOutputTex, 0.0 MB, valid=[4, 6]
[2026-04-11 01:03:38] [tid:23060][TemporalResourceManager::AllocateRequestsAliasedImpl:262] Donor: enc4_DFNPooledOutputTex, 0.0 MB, valid=[4, 5]
[2026-04-11 01:03:38] [tid:23060][TemporalResourceManager::AllocateRequestsAliasedImpl:262] Donor: enc5_DFNSkipOutputTex, 0.0 MB, valid=[5, 6]
[2026-04-11 01:03:38] [tid:23060][TemporalResourceManager::AllocateRequestsAliasedImpl:262] Donor: enc5_DFNResidualSkipOutputTex, 0.0 MB, valid=[5, 6]
[2026-04-11 01:03:38] [tid:23060][TemporalResourceManager::AllocateRequestsAliasedImpl:262] Donor: dec4_DFNSkipOutputTex, 0.0 MB, valid=[6, 7]
[2026-04-11 01:03:38] [tid:23060][TemporalResourceManager::AllocateRequestsAliasedImpl:262] Donor: dec4_DFNResidualSkipOutputTex, 0.0 MB, valid=[6, 7]
[2026-04-11 01:03:38] [tid:23060][TemporalResourceManager::AllocateRequestsAliasedImpl:262] Donor: dec3_DFNSkipOutputTex, 0.0 MB, valid=[7, 8]
[2026-04-11 01:03:38] [tid:23060][TemporalResourceManager::AllocateRequestsAliasedImpl:262] Donor: dec3_DFNResidualSkipOutputTex, 0.0 MB, valid=[7, 8]
[2026-04-11 01:03:38] [tid:23060][TemporalResourceManager::AllocateRequestsAliasedImpl:262] Donor: dec2_DFNSkipOutputTex, 0.0 MB, valid=[8, 9]
[2026-04-11 01:03:38] [tid:23060][TemporalResourceManager::AllocateRequestsAliasedImpl:262] Donor: dec2_DFNResidualSkipOutputTex, 0.0 MB, valid=[8, 9]
[2026-04-11 01:03:38] [tid:23060][TemporalResourceManager::AllocateRequestsAliasedImpl:262] Donor: dec1_DFNSkipOutputTex, 0.0 MB, valid=[9, 10]
[2026-04-11 01:03:38] [tid:23060][TemporalResourceManager::AllocateRequestsAliasedImpl:262] Donor: dec1_DFNResidualSkipOutputTex, 0.0 MB, valid=[9, 10]
[2026-04-11 01:03:38] [tid:23060][TemporalResourceManager::AllocateRequestsAliasedImpl:262] Donor: dec0_DFNSkipOutputTex, 0.0 MB, valid=[10, 11]
[2026-04-11 01:03:38] [tid:23060][TemporalResourceManager::AllocateRequestsAliasedImpl:262] Donor: dec0_DFNResidualSkipOutputTex, 0.0 MB, valid=[10, 11]
[2026-04-11 01:03:38] [tid:23060][TemporalResourceManager::FindSuitableAllocation:317] enc0_TensorOutput (0.1 MB, valid=[0, 10]) aliased to InternalHistoryA at offset=0x0
[2026-04-11 01:03:38] [tid:23060][TemporalResourceManager::FindSuitableAllocation:311] enc0_TensorOutput (0.1 MB, valid=[0, 1]) aliased to the unallocated pool buffer at offset=0x0
[2026-04-11 01:03:38] [tid:23060][TemporalResourceManager::FindSuitableAllocation:311] enc1_TensorOutput (0.1 MB, valid=[1, 9]) aliased to the unallocated pool buffer at offset=0x10000
[2026-04-11 01:03:38] [tid:23060][TemporalResourceManager::FindSuitableAllocation:311] dec1_TensorOutput (0.1 MB, valid=[9, 10]) aliased to the unallocated pool buffer at offset=0x0
[2026-04-11 01:03:38] [tid:23060][TemporalResourceManager::FindSuitableAllocation:311] dec0_TensorOutput (0.0 MB, valid=[10, 11]) aliased to the unallocated pool buffer at offset=0x10000
[2026-04-11 01:03:38] [tid:23060][TemporalResourceManager::FindSuitableAllocation:317] enc1_TensorOutput (0.0 MB, valid=[1, 2]) aliased to dec0_DFNSkipOutputTex at offset=0x0
[2026-04-11 01:03:38] [tid:23060][TemporalResourceManager::FindSuitableAllocation:317] enc2_TensorOutput (0.0 MB, valid=[2, 8]) aliased to dec0_DFNResidualSkipOutputTex at offset=0x0
[2026-04-11 01:03:38] [tid:23060][TemporalResourceManager::FindSuitableAllocation:317] dec2_TensorOutput (0.0 MB, valid=[8, 9]) aliased to dec0_DFNSkipOutputTex at offset=0x0
[2026-04-11 01:03:38] [tid:23060][TemporalResourceManager::FindSuitableAllocation:317] enc2_TensorOutput (0.0 MB, valid=[2, 3]) aliased to enc0_DFNPooledOutputTex at offset=0x0
[2026-04-11 01:03:38] [tid:23060][TemporalResourceManager::FindSuitableAllocation:317] enc3_TensorOutput (0.0 MB, valid=[3, 7]) aliased to dec1_DFNSkipOutputTex at offset=0x0
[2026-04-11 01:03:38] [tid:23060][TemporalResourceManager::FindSuitableAllocation:317] dec3_TensorOutput (0.0 MB, valid=[7, 8]) aliased to enc0_DFNPooledOutputTex at offset=0x0
[2026-04-11 01:03:38] [tid:23060][TemporalResourceManager::FindSuitableAllocation:317] enc3_TensorOutput (0.0 MB, valid=[3, 4]) aliased to dec1_DFNResidualSkipOutputTex at offset=0x0
[2026-04-11 01:03:38] [tid:23060][TemporalResourceManager::FindSuitableAllocation:317] enc4_TensorOutput (0.0 MB, valid=[4, 6]) aliased to enc0_DFNPooledOutputTex at offset=0x0
[2026-04-11 01:03:38] [tid:23060][TemporalResourceManager::FindSuitableAllocation:317] dec4_TensorOutput (0.0 MB, valid=[6, 7]) aliased to dec1_DFNResidualSkipOutputTex at offset=0x0
[2026-04-11 01:03:38] [tid:23060][TemporalResourceManager::FindSuitableAllocation:317] enc4_TensorOutput (0.0 MB, valid=[4, 5]) aliased to enc0_DFNPooledOutputTex at offset=0xa00
[2026-04-11 01:03:38] [tid:23060][TemporalResourceManager::FindSuitableAllocation:317] enc5_TensorOutput (0.0 MB, valid=[5, 6]) aliased to enc0_DFNPooledOutputTex at offset=0xc80
[2026-04-11 01:03:38] [tid:23060][TemporalResourceManager::AllocateRequestsAliasedImpl:279] In total, 0.3 MB aliased to donor textures, out of 0.4 MB requests
[2026-04-11 01:03:38] [tid:23060][NGXCubinGeneric::CreateBufferResource:680] CUBIN 1D alloc (SharedResourceBuffer), m_allocCount=60, currentSize 0.1 MB, totalSize 6.6 MB
[2026-04-11 01:03:38] [tid:23060][NGXCubinGeneric::PushToDestroy:967] Scheduled to destroy 0x1ed40761fa0
[2026-04-11 01:03:38] [tid:23060][NGXCubinGeneric::PushToDestroy:967] Scheduled to destroy 0x1ed407618a0
[2026-04-11 01:03:38] [tid:23060][NGXCubinGeneric::PushToDestroy:967] Scheduled to destroy 0x1ed40761e20
[2026-04-11 01:03:38] [tid:23060][NGXCubinGeneric::PushToDestroy:967] Scheduled to destroy 0x1ed40762d60
[2026-04-11 01:03:38] [tid:23060][NGXCubinGeneric::PushToDestroy:967] Scheduled to destroy 0x1ed40762220
[2026-04-11 01:03:38] [tid:23060][NGXCubinGeneric::PushToDestroy:967] Scheduled to destroy 0x1ed40762720
[2026-04-11 01:03:38] [tid:23060][NGXCubinGeneric::PushToDestroy:967] Scheduled to destroy 0x1ed407626e0
[2026-04-11 01:03:38] [tid:23060][NGXCubinGeneric::PushToDestroy:967] Scheduled to destroy 0x1ed407629e0
[2026-04-11 01:03:38] [tid:23060][NGXCubinGeneric::PushToDestroy:967] Scheduled to destroy 0x1ed40762160
[2026-04-11 01:03:38] [tid:23060][NGXCubinGeneric::PushToDestroy:967] Scheduled to destroy 0x1ed40762fa0
[2026-04-11 01:03:38] [tid:23060][NGXCubinGeneric::PushToDestroy:967] Scheduled to destroy 0x1ed40763060
[2026-04-11 01:03:38] [tid:23060][NGXCubinGeneric::PushToDestroy:967] Scheduled to destroy 0x1ed40762620
[2026-04-11 01:03:38] [tid:23060][NGXCubinGeneric::PushToDestroy:967] Scheduled to destroy 0x1ed407628a0
[2026-04-11 01:03:38] [tid:23060][NGXCubinGeneric::PushToDestroy:967] Scheduled to destroy 0x1ed40762da0
[2026-04-11 01:03:38] [tid:23060][NGXCubinGeneric::PushToDestroy:967] Scheduled to destroy 0x1ed40762320
[2026-04-11 01:03:38] [tid:23060][NGXCubinGeneric::PushToDestroy:967] Scheduled to destroy 0x1ed407624e0
[2026-04-11 01:03:38] [tid:23060][NGXCubinGeneric::PushToDestroy:967] Scheduled to destroy 0x1ed407621a0
[2026-04-11 01:03:38] [tid:23060][NGXCubinGeneric::PushToDestroy:967] Scheduled to destroy 0x1ed40762b20
[2026-04-11 01:03:38] [tid:23060][NGXCubinGeneric::PushToDestroy:967] Scheduled to destroy 0x1ed407630a0
[2026-04-11 01:03:38] [tid:23060][NGXCubinGeneric::PushToDestroy:967] Scheduled to destroy 0x1ed40762f20
[2026-04-11 01:03:38] [tid:23060][NGXCubinGeneric::PushToDestroy:967] Scheduled to destroy 0x1ed40763220
[2026-04-11 01:03:38] [tid:23060][NGXCubinGeneric::PushToDestroy:967] Scheduled to destroy 0x1ed40763aa0
[2026-04-11 01:03:38] [tid:23060][NGXCubinGeneric::PushToDestroy:967] Scheduled to destroy 0x1ed407634e0
[2026-04-11 01:03:38] [tid:23060][NGXCubinGeneric::PushToDestroy:967] Scheduled to destroy 0x1ed40763e60
[2026-04-11 01:03:38] [tid:23060][NGXCubinGeneric::PushToDestroy:967] Scheduled to destroy 0x1ed40763c20
[2026-04-11 01:03:38] [tid:23060][NGXCubinGeneric::PushToDestroy:967] Scheduled to destroy 0x1ed40763a20
[2026-04-11 01:03:38] [tid:23060][NGXCubinGeneric::PushToDestroy:967] Scheduled to destroy 0x1ed40763ae0
[2026-04-11 01:03:38] [tid:23060][NGXCubinGeneric::PushToDestroy:967] Scheduled to destroy 0x1ed40763ba0
[2026-04-11 01:03:38] [tid:23060][NGXCubinGeneric::PushToDestroy:967] Scheduled to destroy 0x1ed40763b20
[2026-04-11 01:03:38] [tid:23060][NGXCubinGeneric::PushToDestroy:967] Scheduled to destroy 0x1ed40763fa0
[2026-04-11 01:03:38] [tid:23060][NGXCubinGeneric::PushToDestroy:967] Scheduled to destroy 0x1ed40763c60
[2026-04-11 01:03:38] [tid:23060][NGXCubinGeneric::PushToDestroy:967] Scheduled to destroy 0x1ed40763e20
[2026-04-11 01:03:38] [tid:23060][NGXCubinGeneric::PushToDestroy:967] Scheduled to destroy 0x1ed40763620
[2026-04-11 01:03:38] [tid:23060][NGXCubinGeneric::PushToDestroy:967] Scheduled to destroy 0x1ed40763420
[2026-04-11 01:03:38] [tid:23060][NGXCubinGeneric::PushToDestroy:967] Scheduled to destroy 0x1ed40763d20
[2026-04-11 01:03:38] [tid:23060][NGXCubinGeneric::PushToDestroy:967] Scheduled to destroy 0x1ed407637a0
[2026-04-11 01:03:38] [tid:23060][NGXCubinGeneric::PushToDestroy:967] Scheduled to destroy 0x1ed40764060
[2026-04-11 01:03:38] [tid:23060][NGXCubinGeneric::PushToDestroy:967] Scheduled to destroy 0x1ed40763ca0
[2026-04-11 01:03:38] [tid:23060][NGXCubinGeneric::PushToDestroy:967] Scheduled to destroy 0x1ed40763f60
[2026-04-11 01:03:38] [tid:23060][NGXCubinGeneric::PushToDestroy:967] Scheduled to destroy 0x1ed407631a0
[2026-04-11 01:03:38] [tid:23060][NGXCubinGeneric::PushToDestroy:967] Scheduled to destroy 0x1ed40764020
[2026-04-11 01:03:38] [tid:23060][NGXCubinGeneric::PushToDestroy:967] Scheduled to destroy 0x1ed40763f20
[2026-04-11 01:03:38] [tid:23060][NGXCubinGeneric::PushToDestroy:967] Scheduled to destroy 0x1ed407633e0
[2026-04-11 01:03:38] [tid:23060][NGXCubinGeneric::PushToDestroy:967] Scheduled to destroy 0x1ed40764420
[2026-04-11 01:03:38] [tid:23060][NGXCubinGeneric::PushToDestroy:967] Scheduled to destroy 0x1ed407638e0
[2026-04-11 01:03:38] [tid:23060][NGXCubinGeneric::PushToDestroy:967] Scheduled to destroy 0x1ed40763820
[2026-04-11 01:03:38] [tid:23060][NGXCubinGeneric::PushToDestroy:967] Scheduled to destroy 0x1ed407638a0
[2026-04-11 01:03:38] [tid:23060][NGXCubinGeneric::PushToDestroy:967] Scheduled to destroy 0x1ed40764a20
[2026-04-11 01:03:38] [tid:23060][NGXCubinGeneric::PushToDestroy:967] Scheduled to destroy 0x1ed407649a0
[2026-04-11 01:03:38] [tid:23060][NGXCubinGeneric::PushToDestroy:967] Scheduled to destroy 0x1ed40764da0
[2026-04-11 01:03:38] [tid:23060][NGXCubinGeneric::PushToDestroy:967] Scheduled to destroy 0x1ed40764ca0
[2026-04-11 01:03:38] [tid:23060][NGXCubinGeneric::PushToDestroy:967] Scheduled to destroy 0x1ed407643a0
[2026-04-11 01:03:38] [tid:23060][NGXCubinGeneric::PushToDestroy:967] Scheduled to destroy 0x1ed407643e0
[2026-04-11 01:03:38] [tid:23060][NGXCubinGeneric::PushToDestroy:967] Scheduled to destroy 0x1ed407646a0
[2026-04-11 01:03:38] [tid:23060][NGXCubinGeneric::PushToDestroy:967] Scheduled to destroy 0x1ed40764ce0
[2026-04-11 01:03:38] [tid:23060][NGXCubinGeneric::PushToDestroy:967] Scheduled to destroy 0x1ed40764ae0
[2026-04-11 01:03:38] [tid:23060][NGXCubinGeneric::PushToDestroy:967] Scheduled to destroy 0x1ed40764ea0
[2026-04-11 01:03:38] [tid:23060][NGXCubinGeneric::PushToDestroy:967] Scheduled to destroy 0x1ed40764720
[2026-04-11 01:03:38] [tid:23060][NGXCubinGeneric::PushToDestroy:967] Scheduled to destroy 0x1ed40764760
[2026-04-11 01:03:38] [tid:23060][TemporalResourceManager::DestroyAllocations:122] TemporalResourceManager destroy all owned shared resources if exist
[2026-04-11 01:03:38] [tid:23060][NGXCubinGeneric::PushToDestroy:967] Scheduled to destroy 0x1ed40764ee0
[2026-04-11 01:03:38] [tid:23060][NGXCubinGeneric::CollectGarbage:1002] Releasing resource 0x1ed40762720 (InternalHistoryB)
[2026-04-11 01:03:38] [tid:23060][NGXCubinGeneric::CollectGarbage:1002] Releasing resource 0x1ed40761fa0 (AutoExposure)
[2026-04-11 01:03:38] [tid:23060][NGXCubinGeneric::CollectGarbage:1002] Releasing resource 0x1ed407618a0 (LumaBuffer)
[2026-04-11 01:03:38] [tid:23060][NGXCubinGeneric::CollectGarbage:1002] Releasing resource 0x1ed40762620 (enc0_StagingBuffer)
[2026-04-11 01:03:38] [tid:23060][NGXCubinGeneric::CollectGarbage:1002] Releasing resource 0x1ed407626e0 (PrevMvec1)
[2026-04-11 01:03:38] [tid:23060][NGXCubinGeneric::CollectGarbage:1002] Releasing resource 0x1ed40761e20 (ReduceBuffer)
[2026-04-11 01:03:38] [tid:23060][NGXCubinGeneric::CollectGarbage:1002] Releasing resource 0x1ed40762da0 (enc0_DFNPooledOutputTex)
[2026-04-11 01:03:38] [tid:23060][NGXCubinGeneric::CollectGarbage:1002] Releasing resource 0x1ed40762d60 (HiddenHistory)
[2026-04-11 01:03:38] [tid:23060][NGXCubinGeneric::CollectGarbage:1002] Releasing resource 0x1ed40762220 (InternalHistoryA)
[2026-04-11 01:03:38] [tid:23060][NGXCubinGeneric::CollectGarbage:1002] Releasing resource 0x1ed407629e0 (PrevMvec2)
[2026-04-11 01:03:38] [tid:23060][NGXCubinGeneric::CollectGarbage:1002] Releasing resource 0x1ed407621a0 (enc1_StagingBuffer)
[2026-04-11 01:03:38] [tid:23060][NGXCubinGeneric::CollectGarbage:1002] Releasing resource 0x1ed40762160 (PrevAutoExposureTexture_0)
[2026-04-11 01:03:38] [tid:23060][NGXCubinGeneric::CollectGarbage:1002] Releasing resource 0x1ed40762f20 (enc1_DFNResidualSkipOutputTex)
[2026-04-11 01:03:38] [tid:23060][NGXCubinGeneric::CollectGarbage:1002] Releasing resource 0x1ed40762fa0 (PrevAutoExposureTexture_1)
[2026-04-11 01:03:38] [tid:23060][NGXCubinGeneric::CollectGarbage:1002] Releasing resource 0x1ed407630a0 (enc1_DFNPooledOutputTex)
[2026-04-11 01:03:38] [tid:23060][NGXCubinGeneric::CollectGarbage:1002] Releasing resource 0x1ed40763060 (enc0_Weights)
[2026-04-11 01:03:38] [tid:23060][NGXCubinGeneric::CollectGarbage:1002] Releasing resource 0x1ed407628a0 (enc0_DFNSkipOutputTex)
[2026-04-11 01:03:38] [tid:23060][NGXCubinGeneric::CollectGarbage:1002] Releasing resource 0x1ed40762320 (enc0_DFNResidualSkipOutputTex)
[2026-04-11 01:03:38] [tid:23060][NGXCubinGeneric::CollectGarbage:1002] Releasing resource 0x1ed407624e0 (enc1_Weights)
[2026-04-11 01:03:38] [tid:23060][NGXCubinGeneric::CollectGarbage:1002] Releasing resource 0x1ed40762b20 (enc1_DFNSkipOutputTex)
[2026-04-11 01:03:38] [tid:23060][NGXCubinGeneric::CollectGarbage:1002] Releasing resource 0x1ed40763220 (enc2_Weights)
[2026-04-11 01:03:38] [tid:23060][NGXCubinGeneric::CollectGarbage:1002] Releasing resource 0x1ed40763ae0 (enc3_StagingBuffer)
[2026-04-11 01:03:38] [tid:23060][NGXCubinGeneric::CollectGarbage:1002] Releasing resource 0x1ed40763a20 (enc3_Weights)
[2026-04-11 01:03:38] [tid:23060][NGXCubinGeneric::CollectGarbage:1002] Releasing resource 0x1ed40763aa0 (enc2_StagingBuffer)
[2026-04-11 01:03:38] [tid:23060][NGXCubinGeneric::CollectGarbage:1002] Releasing resource 0x1ed40763420 (enc4_DFNPooledOutputTex)
[2026-04-11 01:03:38] [tid:23060][NGXCubinGeneric::CollectGarbage:1002] Releasing resource 0x1ed407634e0 (enc2_DFNSkipOutputTex)
[2026-04-11 01:03:38] [tid:23060][NGXCubinGeneric::CollectGarbage:1002] Releasing resource 0x1ed40763e20 (enc4_StagingBuffer)
[2026-04-11 01:03:38] [tid:23060][NGXCubinGeneric::CollectGarbage:1002] Releasing resource 0x1ed40763e60 (enc2_DFNPooledOutputTex)
[2026-04-11 01:03:38] [tid:23060][NGXCubinGeneric::CollectGarbage:1002] Releasing resource 0x1ed40763ca0 (enc5_DFNSkipOutputTex)
[2026-04-11 01:03:38] [tid:23060][NGXCubinGeneric::CollectGarbage:1002] Releasing resource 0x1ed40763c60 (enc4_Weights)
[2026-04-11 01:03:38] [tid:23060][NGXCubinGeneric::CollectGarbage:1002] Releasing resource 0x1ed40763c20 (enc2_DFNResidualSkipOutputTex)
[2026-04-11 01:03:38] [tid:23060][NGXCubinGeneric::CollectGarbage:1002] Releasing resource 0x1ed40763b20 (enc3_DFNPooledOutputTex)
[2026-04-11 01:03:38] [tid:23060][NGXCubinGeneric::CollectGarbage:1002] Releasing resource 0x1ed40763ba0 (enc3_DFNSkipOutputTex)
[2026-04-11 01:03:38] [tid:23060][NGXCubinGeneric::CollectGarbage:1002] Releasing resource 0x1ed40763f20 (dec4_DFNSkipOutputTex)
[2026-04-11 01:03:38] [tid:23060][NGXCubinGeneric::CollectGarbage:1002] Releasing resource 0x1ed40763f60 (enc5_DFNResidualSkipOutputTex)
[2026-04-11 01:03:38] [tid:23060][NGXCubinGeneric::CollectGarbage:1002] Releasing resource 0x1ed40763fa0 (enc3_DFNResidualSkipOutputTex)
[2026-04-11 01:03:38] [tid:23060][NGXCubinGeneric::CollectGarbage:1002] Releasing resource 0x1ed40763620 (enc4_DFNSkipOutputTex)
[2026-04-11 01:03:38] [tid:23060][NGXCubinGeneric::CollectGarbage:1002] Releasing resource 0x1ed40763d20 (enc4_DFNResidualSkipOutputTex)
[2026-04-11 01:03:38] [tid:23060][NGXCubinGeneric::CollectGarbage:1002] Releasing resource 0x1ed407637a0 (enc5_Weights)
[2026-04-11 01:03:38] [tid:23060][NGXCubinGeneric::CollectGarbage:1002] Releasing resource 0x1ed40764020 (dec4_StagingBuffer)
[2026-04-11 01:03:38] [tid:23060][NGXCubinGeneric::CollectGarbage:1002] Releasing resource 0x1ed40764060 (enc5_StagingBuffer)
[2026-04-11 01:03:38] [tid:23060][NGXCubinGeneric::CollectGarbage:1002] Releasing resource 0x1ed407631a0 (dec4_Weights)
[2026-04-11 01:03:38] [tid:23060][NGXCubinGeneric::CollectGarbage:1002] Releasing resource 0x1ed407633e0 (dec4_DFNResidualSkipOutputTex)
[2026-04-11 01:03:38] [tid:23060][NGXCubinGeneric::CollectGarbage:1002] Releasing resource 0x1ed40764420 (dec3_Weights)
[2026-04-11 01:03:38] [tid:23060][NGXCubinGeneric::CollectGarbage:1002] Releasing resource 0x1ed407638a0 (dec3_DFNResidualSkipOutputTex)
[2026-04-11 01:03:38] [tid:23060][NGXCubinGeneric::CollectGarbage:1002] Releasing resource 0x1ed40763820 (dec3_DFNSkipOutputTex)
[2026-04-11 01:03:38] [tid:23060][NGXCubinGeneric::CollectGarbage:1002] Releasing resource 0x1ed407638e0 (dec3_StagingBuffer)
[2026-04-11 01:03:38] [tid:23060][NGXCubinGeneric::CollectGarbage:1002] Releasing resource 0x1ed40764ae0 (dec0_Weights)
[2026-04-11 01:03:38] [tid:23060][NGXCubinGeneric::CollectGarbage:1002] Releasing resource 0x1ed40764a20 (dec2_Weights)
[2026-04-11 01:03:38] [tid:23060][NGXCubinGeneric::CollectGarbage:1002] Releasing resource 0x1ed407649a0 (dec2_StagingBuffer)
[2026-04-11 01:03:38] [tid:23060][NGXCubinGeneric::CollectGarbage:1002] Releasing resource 0x1ed40764da0 (dec2_DFNSkipOutputTex)
[2026-04-11 01:03:38] [tid:23060][NGXCubinGeneric::CollectGarbage:1002] Releasing resource 0x1ed40764ce0 (dec1_DFNResidualSkipOutputTex)
[2026-04-11 01:03:38] [tid:23060][NGXCubinGeneric::CollectGarbage:1002] Releasing resource 0x1ed40764ca0 (dec2_DFNResidualSkipOutputTex)
[2026-04-11 01:03:38] [tid:23060][NGXCubinGeneric::CollectGarbage:1002] Releasing resource 0x1ed407643e0 (dec1_StagingBuffer)
[2026-04-11 01:03:38] [tid:23060][NGXCubinGeneric::CollectGarbage:1002] Releasing resource 0x1ed407643a0 (dec1_Weights)
[2026-04-11 01:03:38] [tid:23060][NGXCubinGeneric::CollectGarbage:1002] Releasing resource 0x1ed407646a0 (dec1_DFNSkipOutputTex)
[2026-04-11 01:03:38] [tid:23060][NGXCubinGeneric::CollectGarbage:1002] Releasing resource 0x1ed40764ee0 (SharedResourceBuffer)
[2026-04-11 01:03:38] [tid:23060][NGXCubinGeneric::CollectGarbage:1002] Releasing resource 0x1ed40764ea0 (dec0_StagingBuffer)
[2026-04-11 01:03:38] [tid:23060][NGXCubinGeneric::CollectGarbage:1002] Releasing resource 0x1ed40764760 (dec0_DFNResidualSkipOutputTex)
[2026-04-11 01:03:38] [tid:23060][NGXCubinGeneric::CollectGarbage:1002] Releasing resource 0x1ed40764720 (dec0_DFNSkipOutputTex)
[2026-04-11 01:03:38] [tid:23060][NGXCubinGeneric::Shutdown:252] Delayed destroy resource list count 0
